19.6578 	WARNING 	User requested fullscreen with size [1024  768], but screen is actually [1920, 1080]. Using actual size
15.8599 	WARNING 	Requested image 'twitch 2' not found but similar filename 'twitch 2.jpg' exists. This will be used instead but changing the filename is advised.
20.5971 	WARNING 	Requested image 'google 2' not found but similar filename 'google 2.jpg' exists. This will be used instead but changing the filename is advised.
22.5601 	WARNING 	Requested image 'CN 1' not found but similar filename 'CN 1.jpg' exists. This will be used instead but changing the filename is advised.
24.4428 	WARNING 	Requested image 'adidas 2' not found but similar filename 'adidas 2.jpg' exists. This will be used instead but changing the filename is advised.
26.8744 	WARNING 	Requested image 'twitch 1' not found but similar filename 'twitch 1.jpg' exists. This will be used instead but changing the filename is advised.
28.5386 	WARNING 	Requested image 'ig 1' not found but similar filename 'ig 1.jpg' exists. This will be used instead but changing the filename is advised.
30.2194 	WARNING 	Requested image 'fb 2' not found but similar filename 'fb 2.jpg' exists. This will be used instead but changing the filename is advised.
31.9194 	WARNING 	Requested image 'twitter 1' not found but similar filename 'twitter 1.jpg' exists. This will be used instead but changing the filename is advised.
33.4514 	WARNING 	Requested image 'adidas 1' not found but similar filename 'adidas 1.jpg' exists. This will be used instead but changing the filename is advised.
35.2509 	WARNING 	Requested image 'fb 1' not found but similar filename 'fb 1.jpg' exists. This will be used instead but changing the filename is advised.
36.7499 	WARNING 	Requested image 'CN 2' not found but similar filename 'CN 2.jpg' exists. This will be used instead but changing the filename is advised.
38.1152 	WARNING 	Requested image 'twitter 2' not found but similar filename 'twitter 2.jpg' exists. This will be used instead but changing the filename is advised.
39.4970 	WARNING 	Requested image 'google 1' not found but similar filename 'google 1.jpg' exists. This will be used instead but changing the filename is advised.
40.9123 	WARNING 	Requested image 'ig 2' not found but similar filename 'ig 2.jpg' exists. This will be used instead but changing the filename is advised.
42.4421 	WARNING 	Requested image 'CN 2' not found but similar filename 'CN 2.jpg' exists. This will be used instead but changing the filename is advised.
43.9078 	WARNING 	Requested image 'google 2' not found but similar filename 'google 2.jpg' exists. This will be used instead but changing the filename is advised.
45.3070 	WARNING 	Requested image 'twitter 2' not found but similar filename 'twitter 2.jpg' exists. This will be used instead but changing the filename is advised.
46.7055 	WARNING 	Requested image 'ig 1' not found but similar filename 'ig 1.jpg' exists. This will be used instead but changing the filename is advised.
48.0878 	WARNING 	Requested image 'google 1' not found but similar filename 'google 1.jpg' exists. This will be used instead but changing the filename is advised.
49.4537 	WARNING 	Requested image 'twitch 1' not found but similar filename 'twitch 1.jpg' exists. This will be used instead but changing the filename is advised.
50.8527 	WARNING 	Requested image 'adidas 1' not found but similar filename 'adidas 1.jpg' exists. This will be used instead but changing the filename is advised.
52.5674 	WARNING 	Requested image 'adidas 2' not found but similar filename 'adidas 2.jpg' exists. This will be used instead but changing the filename is advised.
54.9325 	WARNING 	Requested image 'twitch 2' not found but similar filename 'twitch 2.jpg' exists. This will be used instead but changing the filename is advised.
