14.7239 	WARNING 	User requested fullscreen with size [1024  768], but screen is actually [1920, 1080]. Using actual size
4.6078 	WARNING 	Requested image 'CN 1' not found but similar filename 'CN 1.jpg' exists. This will be used instead but changing the filename is advised.
13.0766 	WARNING 	Requested image 'twitch 2' not found but similar filename 'twitch 2.jpg' exists. This will be used instead but changing the filename is advised.
15.7721 	WARNING 	Requested image 'twitter 2' not found but similar filename 'twitter 2.jpg' exists. This will be used instead but changing the filename is advised.
17.7035 	WARNING 	Requested image 'fb 2' not found but similar filename 'fb 2.jpg' exists. This will be used instead but changing the filename is advised.
19.2180 	WARNING 	Requested image 'CN 2' not found but similar filename 'CN 2.jpg' exists. This will be used instead but changing the filename is advised.
20.7027 	WARNING 	Requested image 'ig 2' not found but similar filename 'ig 2.jpg' exists. This will be used instead but changing the filename is advised.
22.2331 	WARNING 	Requested image 'google 2' not found but similar filename 'google 2.jpg' exists. This will be used instead but changing the filename is advised.
23.6833 	WARNING 	Requested image 'adidas 2' not found but similar filename 'adidas 2.jpg' exists. This will be used instead but changing the filename is advised.
25.4298 	WARNING 	Requested image 'ig 1' not found but similar filename 'ig 1.jpg' exists. This will be used instead but changing the filename is advised.
26.9286 	WARNING 	Requested image 'google 1' not found but similar filename 'google 1.jpg' exists. This will be used instead but changing the filename is advised.
28.4775 	WARNING 	Requested image 'fb 1' not found but similar filename 'fb 1.jpg' exists. This will be used instead but changing the filename is advised.
29.9267 	WARNING 	Requested image 'adidas 1' not found but similar filename 'adidas 1.jpg' exists. This will be used instead but changing the filename is advised.
31.5250 	WARNING 	Requested image 'twitter 1' not found but similar filename 'twitter 1.jpg' exists. This will be used instead but changing the filename is advised.
32.9902 	WARNING 	Requested image 'twitch 1' not found but similar filename 'twitch 1.jpg' exists. This will be used instead but changing the filename is advised.
34.3558 	WARNING 	Requested image 'twitch 2' not found but similar filename 'twitch 2.jpg' exists. This will be used instead but changing the filename is advised.
36.2200 	WARNING 	Requested image 'CN 2' not found but similar filename 'CN 2.jpg' exists. This will be used instead but changing the filename is advised.
37.7030 	WARNING 	Requested image 'twitch 1' not found but similar filename 'twitch 1.jpg' exists. This will be used instead but changing the filename is advised.
39.0684 	WARNING 	Requested image 'adidas 1' not found but similar filename 'adidas 1.jpg' exists. This will be used instead but changing the filename is advised.
40.5673 	WARNING 	Requested image 'ig 2' not found but similar filename 'ig 2.jpg' exists. This will be used instead but changing the filename is advised.
42.0494 	WARNING 	Requested image 'fb 2' not found but similar filename 'fb 2.jpg' exists. This will be used instead but changing the filename is advised.
43.3826 	WARNING 	Requested image 'fb 1' not found but similar filename 'fb 1.jpg' exists. This will be used instead but changing the filename is advised.
44.7135 	WARNING 	Requested image 'google 1' not found but similar filename 'google 1.jpg' exists. This will be used instead but changing the filename is advised.
46.0632 	WARNING 	Requested image 'adidas 2' not found but similar filename 'adidas 2.jpg' exists. This will be used instead but changing the filename is advised.
47.4621 	WARNING 	Requested image 'CN 1' not found but similar filename 'CN 1.jpg' exists. This will be used instead but changing the filename is advised.
48.8280 	WARNING 	Requested image 'twitter 1' not found but similar filename 'twitter 1.jpg' exists. This will be used instead but changing the filename is advised.
50.2760 	WARNING 	Requested image 'ig 1' not found but similar filename 'ig 1.jpg' exists. This will be used instead but changing the filename is advised.
51.6262 	WARNING 	Requested image 'twitter 2' not found but similar filename 'twitter 2.jpg' exists. This will be used instead but changing the filename is advised.
52.9904 	WARNING 	Requested image 'google 2' not found but similar filename 'google 2.jpg' exists. This will be used instead but changing the filename is advised.
54.3228 	WARNING 	Requested image 'adidas 1' not found but similar filename 'adidas 1.jpg' exists. This will be used instead but changing the filename is advised.
55.7056 	WARNING 	Requested image 'twitter 1' not found but similar filename 'twitter 1.jpg' exists. This will be used instead but changing the filename is advised.
57.1371 	WARNING 	Requested image 'ig 2' not found but similar filename 'ig 2.jpg' exists. This will be used instead but changing the filename is advised.
58.4525 	WARNING 	Requested image 'fb 1' not found but similar filename 'fb 1.jpg' exists. This will be used instead but changing the filename is advised.
59.8014 	WARNING 	Requested image 'CN 1' not found but similar filename 'CN 1.jpg' exists. This will be used instead but changing the filename is advised.
61.1837 	WARNING 	Requested image 'CN 2' not found but similar filename 'CN 2.jpg' exists. This will be used instead but changing the filename is advised.
62.5657 	WARNING 	Requested image 'twitch 2' not found but similar filename 'twitch 2.jpg' exists. This will be used instead but changing the filename is advised.
63.8980 	WARNING 	Requested image 'google 2' not found but similar filename 'google 2.jpg' exists. This will be used instead but changing the filename is advised.
65.2639 	WARNING 	Requested image 'fb 2' not found but similar filename 'fb 2.jpg' exists. This will be used instead but changing the filename is advised.
66.6292 	WARNING 	Requested image 'google 1' not found but similar filename 'google 1.jpg' exists. This will be used instead but changing the filename is advised.
67.9782 	WARNING 	Requested image 'twitter 2' not found but similar filename 'twitter 2.jpg' exists. This will be used instead but changing the filename is advised.
69.3112 	WARNING 	Requested image 'adidas 2' not found but similar filename 'adidas 2.jpg' exists. This will be used instead but changing the filename is advised.
70.7427 	WARNING 	Requested image 'twitch 1' not found but similar filename 'twitch 1.jpg' exists. This will be used instead but changing the filename is advised.
71.9579 	WARNING 	Requested image 'ig 1' not found but similar filename 'ig 1.jpg' exists. This will be used instead but changing the filename is advised.
73.1573 	WARNING 	Requested image 'ig 2' not found but similar filename 'ig 2.jpg' exists. This will be used instead but changing the filename is advised.
74.2560 	WARNING 	Requested image 'google 2' not found but similar filename 'google 2.jpg' exists. This will be used instead but changing the filename is advised.
75.3051 	WARNING 	Requested image 'adidas 1' not found but similar filename 'adidas 1.jpg' exists. This will be used instead but changing the filename is advised.
76.6540 	WARNING 	Requested image 'CN 1' not found but similar filename 'CN 1.jpg' exists. This will be used instead but changing the filename is advised.
77.9700 	WARNING 	Requested image 'twitch 2' not found but similar filename 'twitch 2.jpg' exists. This will be used instead but changing the filename is advised.
79.1019 	WARNING 	Requested image 'ig 1' not found but similar filename 'ig 1.jpg' exists. This will be used instead but changing the filename is advised.
