17.2895 	WARNING 	User requested fullscreen with size [1024  768], but screen is actually [1920, 1080]. Using actual size
11.0786 	WARNING 	Requested image 'UF 4' not found but similar filename 'UF 4.jpg' exists. This will be used instead but changing the filename is advised.
13.0211 	WARNING 	Requested image 'google 1' not found but similar filename 'google 1.jpg' exists. This will be used instead but changing the filename is advised.
14.8529 	WARNING 	Requested image 'twitch 1' not found but similar filename 'twitch 1.jpg' exists. This will be used instead but changing the filename is advised.
16.9663 	WARNING 	Requested image 'fb 2' not found but similar filename 'fb 2.jpg' exists. This will be used instead but changing the filename is advised.
18.4647 	WARNING 	Requested image 'ig 2' not found but similar filename 'ig 2.jpg' exists. This will be used instead but changing the filename is advised.
20.5635 	WARNING 	Requested image 'CN 1' not found but similar filename 'CN 1.jpg' exists. This will be used instead but changing the filename is advised.
22.6468 	WARNING 	Requested image 'google 2' not found but similar filename 'google 2.jpg' exists. This will be used instead but changing the filename is advised.
24.5273 	WARNING 	Requested image 'adidas 2' not found but similar filename 'adidas 2.jpg' exists. This will be used instead but changing the filename is advised.
26.2771 	WARNING 	Requested image 'CN 2' not found but similar filename 'CN 2.jpg' exists. This will be used instead but changing the filename is advised.
28.0244 	WARNING 	Requested image 'adidas 1' not found but similar filename 'adidas 1.jpg' exists. This will be used instead but changing the filename is advised.
29.7394 	WARNING 	Requested image 'UF 2' not found but similar filename 'UF 2.jpg' exists. This will be used instead but changing the filename is advised.
31.2553 	WARNING 	Requested image 'UF 3' not found but similar filename 'UF 3.jpg' exists. This will be used instead but changing the filename is advised.
33.2196 	WARNING 	Requested image 'ig 1' not found but similar filename 'ig 1.jpg' exists. This will be used instead but changing the filename is advised.
34.6684 	WARNING 	Requested image 'twitter 1' not found but similar filename 'twitter 1.jpg' exists. This will be used instead but changing the filename is advised.
36.7504 	WARNING 	Requested image 'twitch 2' not found but similar filename 'twitch 2.jpg' exists. This will be used instead but changing the filename is advised.
38.5657 	WARNING 	Requested image 'twitter 2' not found but similar filename 'twitter 2.jpg' exists. This will be used instead but changing the filename is advised.
40.1308 	WARNING 	Requested image 'UF 1' not found but similar filename 'UF 1.jpg' exists. This will be used instead but changing the filename is advised.
42.6298 	WARNING 	Requested image 'fb 1' not found but similar filename 'fb 1.jpg' exists. This will be used instead but changing the filename is advised.
44.5269 	WARNING 	Requested image 'google 2' not found but similar filename 'google 2.jpg' exists. This will be used instead but changing the filename is advised.
46.2091 	WARNING 	Requested image 'UF 3' not found but similar filename 'UF 3.jpg' exists. This will be used instead but changing the filename is advised.
48.3079 	WARNING 	Requested image 'ig 1' not found but similar filename 'ig 1.jpg' exists. This will be used instead but changing the filename is advised.
50.8218 	WARNING 	Requested image 'fb 1' not found but similar filename 'fb 1.jpg' exists. This will be used instead but changing the filename is advised.
52.9034 	WARNING 	Requested image 'UF 4' not found but similar filename 'UF 4.jpg' exists. This will be used instead but changing the filename is advised.
54.5028 	WARNING 	Requested image 'UF 2' not found but similar filename 'UF 2.jpg' exists. This will be used instead but changing the filename is advised.
56.8499 	WARNING 	Requested image 'twitch 2' not found but similar filename 'twitch 2.jpg' exists. This will be used instead but changing the filename is advised.
58.3828 	WARNING 	Requested image 'fb 2' not found but similar filename 'fb 2.jpg' exists. This will be used instead but changing the filename is advised.
60.0474 	WARNING 	Requested image 'twitter 2' not found but similar filename 'twitter 2.jpg' exists. This will be used instead but changing the filename is advised.
61.8128 	WARNING 	Requested image 'ig 2' not found but similar filename 'ig 2.jpg' exists. This will be used instead but changing the filename is advised.
64.0941 	WARNING 	Requested image 'twitch 1' not found but similar filename 'twitch 1.jpg' exists. This will be used instead but changing the filename is advised.
65.8099 	WARNING 	Requested image 'google 1' not found but similar filename 'google 1.jpg' exists. This will be used instead but changing the filename is advised.
67.5264 	WARNING 	Requested image 'twitter 1' not found but similar filename 'twitter 1.jpg' exists. This will be used instead but changing the filename is advised.
69.0569 	WARNING 	Requested image 'CN 2' not found but similar filename 'CN 2.jpg' exists. This will be used instead but changing the filename is advised.
71.1214 	WARNING 	Requested image 'adidas 2' not found but similar filename 'adidas 2.jpg' exists. This will be used instead but changing the filename is advised.
72.9368 	WARNING 	Requested image 'UF 1' not found but similar filename 'UF 1.jpg' exists. This will be used instead but changing the filename is advised.
74.9020 	WARNING 	Requested image 'adidas 1' not found but similar filename 'adidas 1.jpg' exists. This will be used instead but changing the filename is advised.
77.2001 	WARNING 	Requested image 'CN 1' not found but similar filename 'CN 1.jpg' exists. This will be used instead but changing the filename is advised.
78.7335 	WARNING 	Requested image 'fb 1' not found but similar filename 'fb 1.jpg' exists. This will be used instead but changing the filename is advised.
80.2147 	WARNING 	Requested image 'google 1' not found but similar filename 'google 1.jpg' exists. This will be used instead but changing the filename is advised.
81.6968 	WARNING 	Requested image 'ig 2' not found but similar filename 'ig 2.jpg' exists. This will be used instead but changing the filename is advised.
83.4123 	WARNING 	Requested image 'UF 4' not found but similar filename 'UF 4.jpg' exists. This will be used instead but changing the filename is advised.
84.9437 	WARNING 	Requested image 'CN 1' not found but similar filename 'CN 1.jpg' exists. This will be used instead but changing the filename is advised.
86.8765 	WARNING 	Requested image 'google 2' not found but similar filename 'google 2.jpg' exists. This will be used instead but changing the filename is advised.
89.2239 	WARNING 	Requested image 'UF 2' not found but similar filename 'UF 2.jpg' exists. This will be used instead but changing the filename is advised.
91.1888 	WARNING 	Requested image 'ig 1' not found but similar filename 'ig 1.jpg' exists. This will be used instead but changing the filename is advised.
92.9040 	WARNING 	Requested image 'UF 1' not found but similar filename 'UF 1.jpg' exists. This will be used instead but changing the filename is advised.
94.7362 	WARNING 	Requested image 'twitch 1' not found but similar filename 'twitch 1.jpg' exists. This will be used instead but changing the filename is advised.
96.6510 	WARNING 	Requested image 'CN 2' not found but similar filename 'CN 2.jpg' exists. This will be used instead but changing the filename is advised.
98.2497 	WARNING 	Requested image 'adidas 1' not found but similar filename 'adidas 1.jpg' exists. This will be used instead but changing the filename is advised.
100.4971 	WARNING 	Requested image 'twitch 2' not found but similar filename 'twitch 2.jpg' exists. This will be used instead but changing the filename is advised.
102.3962 	WARNING 	Requested image 'twitter 1' not found but similar filename 'twitter 1.jpg' exists. This will be used instead but changing the filename is advised.
104.2110 	WARNING 	Requested image 'adidas 2' not found but similar filename 'adidas 2.jpg' exists. This will be used instead but changing the filename is advised.
106.0928 	WARNING 	Requested image 'UF 3' not found but similar filename 'UF 3.jpg' exists. This will be used instead but changing the filename is advised.
107.6097 	WARNING 	Requested image 'fb 2' not found but similar filename 'fb 2.jpg' exists. This will be used instead but changing the filename is advised.
109.4406 	WARNING 	Requested image 'twitter 2' not found but similar filename 'twitter 2.jpg' exists. This will be used instead but changing the filename is advised.
110.9891 	WARNING 	Requested image 'twitch 2' not found but similar filename 'twitch 2.jpg' exists. This will be used instead but changing the filename is advised.
111.3560 	WARNING 	Requested image 'UF 3' not found but similar filename 'UF 3.jpg' exists. This will be used instead but changing the filename is advised.
113.2034 	WARNING 	Requested image 'fb 2' not found but similar filename 'fb 2.jpg' exists. This will be used instead but changing the filename is advised.
114.8200 	WARNING 	Requested image 'ig 1' not found but similar filename 'ig 1.jpg' exists. This will be used instead but changing the filename is advised.
116.6174 	WARNING 	Requested image 'twitch 1' not found but similar filename 'twitch 1.jpg' exists. This will be used instead but changing the filename is advised.
118.6988 	WARNING 	Requested image 'twitter 2' not found but similar filename 'twitter 2.jpg' exists. This will be used instead but changing the filename is advised.
120.5812 	WARNING 	Requested image 'UF 4' not found but similar filename 'UF 4.jpg' exists. This will be used instead but changing the filename is advised.
122.9792 	WARNING 	Requested image 'adidas 2' not found but similar filename 'adidas 2.jpg' exists. This will be used instead but changing the filename is advised.
125.0618 	WARNING 	Requested image 'google 1' not found but similar filename 'google 1.jpg' exists. This will be used instead but changing the filename is advised.
127.2592 	WARNING 	Requested image 'CN 1' not found but similar filename 'CN 1.jpg' exists. This will be used instead but changing the filename is advised.
129.0909 	WARNING 	Requested image 'ig 2' not found but similar filename 'ig 2.jpg' exists. This will be used instead but changing the filename is advised.
132.0546 	WARNING 	Requested image 'fb 1' not found but similar filename 'fb 1.jpg' exists. This will be used instead but changing the filename is advised.
133.7373 	WARNING 	Requested image 'UF 2' not found but similar filename 'UF 2.jpg' exists. This will be used instead but changing the filename is advised.
135.6693 	WARNING 	Requested image 'twitter 1' not found but similar filename 'twitter 1.jpg' exists. This will be used instead but changing the filename is advised.
137.5506 	WARNING 	Requested image 'CN 2' not found but similar filename 'CN 2.jpg' exists. This will be used instead but changing the filename is advised.
139.5317 	WARNING 	Requested image 'adidas 1' not found but similar filename 'adidas 1.jpg' exists. This will be used instead but changing the filename is advised.
141.0647 	WARNING 	Requested image 'google 2' not found but similar filename 'google 2.jpg' exists. This will be used instead but changing the filename is advised.
142.7465 	WARNING 	Requested image 'UF 1' not found but similar filename 'UF 1.jpg' exists. This will be used instead but changing the filename is advised.
145.2282 	WARNING 	Requested image 'google 2' not found but similar filename 'google 2.jpg' exists. This will be used instead but changing the filename is advised.
146.8260 	WARNING 	Requested image 'twitch 1' not found but similar filename 'twitch 1.jpg' exists. This will be used instead but changing the filename is advised.
148.7915 	WARNING 	Requested image 'twitter 1' not found but similar filename 'twitter 1.jpg' exists. This will be used instead but changing the filename is advised.
150.6891 	WARNING 	Requested image 'CN 2' not found but similar filename 'CN 2.jpg' exists. This will be used instead but changing the filename is advised.
152.3044 	WARNING 	Requested image 'UF 3' not found but similar filename 'UF 3.jpg' exists. This will be used instead but changing the filename is advised.
154.1537 	WARNING 	Requested image 'ig 2' not found but similar filename 'ig 2.jpg' exists. This will be used instead but changing the filename is advised.
156.5010 	WARNING 	Requested image 'fb 2' not found but similar filename 'fb 2.jpg' exists. This will be used instead but changing the filename is advised.
158.2499 	WARNING 	Requested image 'twitch 2' not found but similar filename 'twitch 2.jpg' exists. This will be used instead but changing the filename is advised.
159.7488 	WARNING 	Requested image 'adidas 1' not found but similar filename 'adidas 1.jpg' exists. This will be used instead but changing the filename is advised.
161.6307 	WARNING 	Requested image 'adidas 2' not found but similar filename 'adidas 2.jpg' exists. This will be used instead but changing the filename is advised.
163.5786 	WARNING 	Requested image 'google 1' not found but similar filename 'google 1.jpg' exists. This will be used instead but changing the filename is advised.
165.0612 	WARNING 	Requested image 'twitter 2' not found but similar filename 'twitter 2.jpg' exists. This will be used instead but changing the filename is advised.
166.9099 	WARNING 	Requested image 'UF 4' not found but similar filename 'UF 4.jpg' exists. This will be used instead but changing the filename is advised.
168.7755 	WARNING 	Requested image 'UF 1' not found but similar filename 'UF 1.jpg' exists. This will be used instead but changing the filename is advised.
170.5397 	WARNING 	Requested image 'UF 2' not found but similar filename 'UF 2.jpg' exists. This will be used instead but changing the filename is advised.
172.5549 	WARNING 	Requested image 'fb 1' not found but similar filename 'fb 1.jpg' exists. This will be used instead but changing the filename is advised.
174.3203 	WARNING 	Requested image 'CN 1' not found but similar filename 'CN 1.jpg' exists. This will be used instead but changing the filename is advised.
176.1851 	WARNING 	Requested image 'ig 1' not found but similar filename 'ig 1.jpg' exists. This will be used instead but changing the filename is advised.
