10.7316 	WARNING 	User requested fullscreen with size [1024  768], but screen is actually [1920, 1080]. Using actual size
4.5696 	WARNING 	Requested image 'CN 1' not found but similar filename 'CN 1.jpg' exists. This will be used instead but changing the filename is advised.
7.4960 	WARNING 	Requested image 'twitch 1' not found but similar filename 'twitch 1.jpg' exists. This will be used instead but changing the filename is advised.
11.6255 	WARNING 	Requested image 'google 2' not found but similar filename 'google 2.jpg' exists. This will be used instead but changing the filename is advised.
14.2400 	WARNING 	Requested image 'adidas 2' not found but similar filename 'adidas 2.jpg' exists. This will be used instead but changing the filename is advised.
16.2558 	WARNING 	Requested image 'ig 1' not found but similar filename 'ig 1.jpg' exists. This will be used instead but changing the filename is advised.
18.3702 	WARNING 	Requested image 'twitter 1' not found but similar filename 'twitter 1.jpg' exists. This will be used instead but changing the filename is advised.
19.9351 	WARNING 	Requested image 'CN 2' not found but similar filename 'CN 2.jpg' exists. This will be used instead but changing the filename is advised.
21.7005 	WARNING 	Requested image 'fb 2' not found but similar filename 'fb 2.jpg' exists. This will be used instead but changing the filename is advised.
23.1991 	WARNING 	Requested image 'google 1' not found but similar filename 'google 1.jpg' exists. This will be used instead but changing the filename is advised.
24.7313 	WARNING 	Requested image 'twitch 2' not found but similar filename 'twitch 2.jpg' exists. This will be used instead but changing the filename is advised.
26.2301 	WARNING 	Requested image 'twitter 2' not found but similar filename 'twitter 2.jpg' exists. This will be used instead but changing the filename is advised.
27.8800 	WARNING 	Requested image 'adidas 1' not found but similar filename 'adidas 1.jpg' exists. This will be used instead but changing the filename is advised.
29.8110 	WARNING 	Requested image 'fb 1' not found but similar filename 'fb 1.jpg' exists. This will be used instead but changing the filename is advised.
31.4096 	WARNING 	Requested image 'ig 2' not found but similar filename 'ig 2.jpg' exists. This will be used instead but changing the filename is advised.
33.0411 	WARNING 	Requested image 'twitter 2' not found but similar filename 'twitter 2.jpg' exists. This will be used instead but changing the filename is advised.
34.6066 	WARNING 	Requested image 'twitch 2' not found but similar filename 'twitch 2.jpg' exists. This will be used instead but changing the filename is advised.
36.1561 	WARNING 	Requested image 'twitch 1' not found but similar filename 'twitch 1.jpg' exists. This will be used instead but changing the filename is advised.
38.1881 	WARNING 	Requested image 'google 1' not found but similar filename 'google 1.jpg' exists. This will be used instead but changing the filename is advised.
40.8512 	WARNING 	Requested image 'twitter 1' not found but similar filename 'twitter 1.jpg' exists. This will be used instead but changing the filename is advised.
42.7498 	WARNING 	Requested image 'adidas 2' not found but similar filename 'adidas 2.jpg' exists. This will be used instead but changing the filename is advised.
44.7648 	WARNING 	Requested image 'CN 1' not found but similar filename 'CN 1.jpg' exists. This will be used instead but changing the filename is advised.
46.7296 	WARNING 	Requested image 'ig 2' not found but similar filename 'ig 2.jpg' exists. This will be used instead but changing the filename is advised.
48.2615 	WARNING 	Requested image 'adidas 1' not found but similar filename 'adidas 1.jpg' exists. This will be used instead but changing the filename is advised.
50.4436 	WARNING 	Requested image 'ig 1' not found but similar filename 'ig 1.jpg' exists. This will be used instead but changing the filename is advised.
51.8932 	WARNING 	Requested image 'fb 1' not found but similar filename 'fb 1.jpg' exists. This will be used instead but changing the filename is advised.
53.3076 	WARNING 	Requested image 'CN 2' not found but similar filename 'CN 2.jpg' exists. This will be used instead but changing the filename is advised.
54.7731 	WARNING 	Requested image 'google 2' not found but similar filename 'google 2.jpg' exists. This will be used instead but changing the filename is advised.
56.2213 	WARNING 	Requested image 'fb 2' not found but similar filename 'fb 2.jpg' exists. This will be used instead but changing the filename is advised.
57.6880 	WARNING 	Requested image 'google 1' not found but similar filename 'google 1.jpg' exists. This will be used instead but changing the filename is advised.
59.2696 	WARNING 	Requested image 'twitch 1' not found but similar filename 'twitch 1.jpg' exists. This will be used instead but changing the filename is advised.
61.1017 	WARNING 	Requested image 'fb 2' not found but similar filename 'fb 2.jpg' exists. This will be used instead but changing the filename is advised.
62.6167 	WARNING 	Requested image 'CN 1' not found but similar filename 'CN 1.jpg' exists. This will be used instead but changing the filename is advised.
64.0155 	WARNING 	Requested image 'adidas 2' not found but similar filename 'adidas 2.jpg' exists. This will be used instead but changing the filename is advised.
65.5481 	WARNING 	Requested image 'google 2' not found but similar filename 'google 2.jpg' exists. This will be used instead but changing the filename is advised.
67.0964 	WARNING 	Requested image 'fb 1' not found but similar filename 'fb 1.jpg' exists. This will be used instead but changing the filename is advised.
68.5117 	WARNING 	Requested image 'ig 1' not found but similar filename 'ig 1.jpg' exists. This will be used instead but changing the filename is advised.
70.0942 	WARNING 	Requested image 'twitch 2' not found but similar filename 'twitch 2.jpg' exists. This will be used instead but changing the filename is advised.
71.4762 	WARNING 	Requested image 'twitter 2' not found but similar filename 'twitter 2.jpg' exists. This will be used instead but changing the filename is advised.
72.7915 	WARNING 	Requested image 'CN 2' not found but similar filename 'CN 2.jpg' exists. This will be used instead but changing the filename is advised.
74.1409 	WARNING 	Requested image 'twitter 1' not found but similar filename 'twitter 1.jpg' exists. This will be used instead but changing the filename is advised.
75.4397 	WARNING 	Requested image 'adidas 1' not found but similar filename 'adidas 1.jpg' exists. This will be used instead but changing the filename is advised.
76.9052 	WARNING 	Requested image 'ig 2' not found but similar filename 'ig 2.jpg' exists. This will be used instead but changing the filename is advised.
78.2864 	WARNING 	Requested image 'ig 1' not found but similar filename 'ig 1.jpg' exists. This will be used instead but changing the filename is advised.
79.6523 	WARNING 	Requested image 'adidas 1' not found but similar filename 'adidas 1.jpg' exists. This will be used instead but changing the filename is advised.
80.9513 	WARNING 	Requested image 'CN 1' not found but similar filename 'CN 1.jpg' exists. This will be used instead but changing the filename is advised.
82.2673 	WARNING 	Requested image 'ig 2' not found but similar filename 'ig 2.jpg' exists. This will be used instead but changing the filename is advised.
82.4992 	WARNING 	Requested image 'twitch 1' not found but similar filename 'twitch 1.jpg' exists. This will be used instead but changing the filename is advised.
83.8508 	WARNING 	Requested image 'twitter 2' not found but similar filename 'twitter 2.jpg' exists. This will be used instead but changing the filename is advised.
85.1978 	WARNING 	Requested image 'google 1' not found but similar filename 'google 1.jpg' exists. This will be used instead but changing the filename is advised.
86.4808 	WARNING 	Requested image 'adidas 2' not found but similar filename 'adidas 2.jpg' exists. This will be used instead but changing the filename is advised.
87.6293 	WARNING 	Requested image 'google 2' not found but similar filename 'google 2.jpg' exists. This will be used instead but changing the filename is advised.
88.8949 	WARNING 	Requested image 'fb 1' not found but similar filename 'fb 1.jpg' exists. This will be used instead but changing the filename is advised.
90.1118 	WARNING 	Requested image 'CN 2' not found but similar filename 'CN 2.jpg' exists. This will be used instead but changing the filename is advised.
91.3933 	WARNING 	Requested image 'twitter 1' not found but similar filename 'twitter 1.jpg' exists. This will be used instead but changing the filename is advised.
92.7589 	WARNING 	Requested image 'twitch 2' not found but similar filename 'twitch 2.jpg' exists. This will be used instead but changing the filename is advised.
94.0909 	WARNING 	Requested image 'fb 2' not found but similar filename 'fb 2.jpg' exists. This will be used instead but changing the filename is advised.
95.6733 	WARNING 	Requested image 'twitter 1' not found but similar filename 'twitter 1.jpg' exists. This will be used instead but changing the filename is advised.
97.1214 	WARNING 	Requested image 'fb 2' not found but similar filename 'fb 2.jpg' exists. This will be used instead but changing the filename is advised.
98.9033 	WARNING 	Requested image 'twitter 2' not found but similar filename 'twitter 2.jpg' exists. This will be used instead but changing the filename is advised.
100.5190 	WARNING 	Requested image 'google 1' not found but similar filename 'google 1.jpg' exists. This will be used instead but changing the filename is advised.
102.2339 	WARNING 	Requested image 'twitch 1' not found but similar filename 'twitch 1.jpg' exists. This will be used instead but changing the filename is advised.
103.8830 	WARNING 	Requested image 'fb 1' not found but similar filename 'fb 1.jpg' exists. This will be used instead but changing the filename is advised.
105.5989 	WARNING 	Requested image 'adidas 2' not found but similar filename 'adidas 2.jpg' exists. This will be used instead but changing the filename is advised.
107.0802 	WARNING 	Requested image 'CN 1' not found but similar filename 'CN 1.jpg' exists. This will be used instead but changing the filename is advised.
108.4625 	WARNING 	Requested image 'adidas 1' not found but similar filename 'adidas 1.jpg' exists. This will be used instead but changing the filename is advised.
109.8779 	WARNING 	Requested image 'twitch 2' not found but similar filename 'twitch 2.jpg' exists. This will be used instead but changing the filename is advised.
111.2431 	WARNING 	Requested image 'google 2' not found but similar filename 'google 2.jpg' exists. This will be used instead but changing the filename is advised.
112.5590 	WARNING 	Requested image 'CN 2' not found but similar filename 'CN 2.jpg' exists. This will be used instead but changing the filename is advised.
113.8912 	WARNING 	Requested image 'ig 1' not found but similar filename 'ig 1.jpg' exists. This will be used instead but changing the filename is advised.
115.9068 	WARNING 	Requested image 'ig 2' not found but similar filename 'ig 2.jpg' exists. This will be used instead but changing the filename is advised.
