10.6821 	WARNING 	User requested fullscreen with size [1024  768], but screen is actually [1920, 1080]. Using actual size
5.5131 	WARNING 	Requested image 'twitch 2' not found but similar filename 'twitch 2.jpg' exists. This will be used instead but changing the filename is advised.
7.8440 	WARNING 	Requested image 'CN 2' not found but similar filename 'CN 2.jpg' exists. This will be used instead but changing the filename is advised.
9.7255 	WARNING 	Requested image 'adidas 2' not found but similar filename 'adidas 2.jpg' exists. This will be used instead but changing the filename is advised.
11.6236 	WARNING 	Requested image 'google 1' not found but similar filename 'google 1.jpg' exists. This will be used instead but changing the filename is advised.
13.1885 	WARNING 	Requested image 'twitter 2' not found but similar filename 'twitter 2.jpg' exists. This will be used instead but changing the filename is advised.
14.8875 	WARNING 	Requested image 'UF 1' not found but similar filename 'UF 1.jpg' exists. This will be used instead but changing the filename is advised.
17.5685 	WARNING 	Requested image 'google 2' not found but similar filename 'google 2.jpg' exists. This will be used instead but changing the filename is advised.
19.1182 	WARNING 	Requested image 'twitter 1' not found but similar filename 'twitter 1.jpg' exists. This will be used instead but changing the filename is advised.
20.5824 	WARNING 	Requested image 'CN 1' not found but similar filename 'CN 1.jpg' exists. This will be used instead but changing the filename is advised.
22.5149 	WARNING 	Requested image 'adidas 1' not found but similar filename 'adidas 1.jpg' exists. This will be used instead but changing the filename is advised.
24.3283 	WARNING 	Requested image 'UF 3' not found but similar filename 'UF 3.jpg' exists. This will be used instead but changing the filename is advised.
26.2769 	WARNING 	Requested image 'fb 1' not found but similar filename 'fb 1.jpg' exists. This will be used instead but changing the filename is advised.
28.0445 	WARNING 	Requested image 'fb 2' not found but similar filename 'fb 2.jpg' exists. This will be used instead but changing the filename is advised.
29.4268 	WARNING 	Requested image 'twitch 1' not found but similar filename 'twitch 1.jpg' exists. This will be used instead but changing the filename is advised.
30.8078 	WARNING 	Requested image 'ig 2' not found but similar filename 'ig 2.jpg' exists. This will be used instead but changing the filename is advised.
32.2569 	WARNING 	Requested image 'UF 2' not found but similar filename 'UF 2.jpg' exists. This will be used instead but changing the filename is advised.
33.6054 	WARNING 	Requested image 'UF 4' not found but similar filename 'UF 4.jpg' exists. This will be used instead but changing the filename is advised.
34.9375 	WARNING 	Requested image 'ig 1' not found but similar filename 'ig 1.jpg' exists. This will be used instead but changing the filename is advised.
36.3371 	WARNING 	Requested image 'CN 1' not found but similar filename 'CN 1.jpg' exists. This will be used instead but changing the filename is advised.
37.7839 	WARNING 	Requested image 'UF 4' not found but similar filename 'UF 4.jpg' exists. This will be used instead but changing the filename is advised.
39.1174 	WARNING 	Requested image 'UF 1' not found but similar filename 'UF 1.jpg' exists. This will be used instead but changing the filename is advised.
40.7676 	WARNING 	Requested image 'ig 1' not found but similar filename 'ig 1.jpg' exists. This will be used instead but changing the filename is advised.
42.2312 	WARNING 	Requested image 'twitch 1' not found but similar filename 'twitch 1.jpg' exists. This will be used instead but changing the filename is advised.
43.6645 	WARNING 	Requested image 'UF 2' not found but similar filename 'UF 2.jpg' exists. This will be used instead but changing the filename is advised.
45.8284 	WARNING 	Requested image 'twitter 2' not found but similar filename 'twitter 2.jpg' exists. This will be used instead but changing the filename is advised.
47.5443 	WARNING 	Requested image 'ig 2' not found but similar filename 'ig 2.jpg' exists. This will be used instead but changing the filename is advised.
49.3101 	WARNING 	Requested image 'adidas 1' not found but similar filename 'adidas 1.jpg' exists. This will be used instead but changing the filename is advised.
51.0746 	WARNING 	Requested image 'CN 2' not found but similar filename 'CN 2.jpg' exists. This will be used instead but changing the filename is advised.
52.6227 	WARNING 	Requested image 'UF 3' not found but similar filename 'UF 3.jpg' exists. This will be used instead but changing the filename is advised.
54.9721 	WARNING 	Requested image 'twitter 1' not found but similar filename 'twitter 1.jpg' exists. This will be used instead but changing the filename is advised.
56.5538 	WARNING 	Requested image 'google 2' not found but similar filename 'google 2.jpg' exists. This will be used instead but changing the filename is advised.
58.2847 	WARNING 	Requested image 'twitch 2' not found but similar filename 'twitch 2.jpg' exists. This will be used instead but changing the filename is advised.
59.7334 	WARNING 	Requested image 'google 1' not found but similar filename 'google 1.jpg' exists. This will be used instead but changing the filename is advised.
61.1661 	WARNING 	Requested image 'adidas 2' not found but similar filename 'adidas 2.jpg' exists. This will be used instead but changing the filename is advised.
63.8139 	WARNING 	Requested image 'fb 2' not found but similar filename 'fb 2.jpg' exists. This will be used instead but changing the filename is advised.
65.6789 	WARNING 	Requested image 'fb 1' not found but similar filename 'fb 1.jpg' exists. This will be used instead but changing the filename is advised.
67.2781 	WARNING 	Requested image 'google 2' not found but similar filename 'google 2.jpg' exists. This will be used instead but changing the filename is advised.
69.3262 	WARNING 	Requested image 'twitter 2' not found but similar filename 'twitter 2.jpg' exists. This will be used instead but changing the filename is advised.
70.9916 	WARNING 	Requested image 'UF 2' not found but similar filename 'UF 2.jpg' exists. This will be used instead but changing the filename is advised.
72.5744 	WARNING 	Requested image 'twitch 1' not found but similar filename 'twitch 1.jpg' exists. This will be used instead but changing the filename is advised.
74.2051 	WARNING 	Requested image 'twitch 2' not found but similar filename 'twitch 2.jpg' exists. This will be used instead but changing the filename is advised.
76.3874 	WARNING 	Requested image 'ig 2' not found but similar filename 'ig 2.jpg' exists. This will be used instead but changing the filename is advised.
78.0860 	WARNING 	Requested image 'ig 1' not found but similar filename 'ig 1.jpg' exists. This will be used instead but changing the filename is advised.
79.7333 	WARNING 	Requested image 'fb 1' not found but similar filename 'fb 1.jpg' exists. This will be used instead but changing the filename is advised.
81.3005 	WARNING 	Requested image 'twitter 1' not found but similar filename 'twitter 1.jpg' exists. This will be used instead but changing the filename is advised.
83.7321 	WARNING 	Requested image 'google 1' not found but similar filename 'google 1.jpg' exists. This will be used instead but changing the filename is advised.
85.1630 	WARNING 	Requested image 'UF 4' not found but similar filename 'UF 4.jpg' exists. This will be used instead but changing the filename is advised.
87.0114 	WARNING 	Requested image 'UF 1' not found but similar filename 'UF 1.jpg' exists. This will be used instead but changing the filename is advised.
89.4260 	WARNING 	Requested image 'CN 1' not found but similar filename 'CN 1.jpg' exists. This will be used instead but changing the filename is advised.
90.9411 	WARNING 	Requested image 'fb 2' not found but similar filename 'fb 2.jpg' exists. This will be used instead but changing the filename is advised.
92.3733 	WARNING 	Requested image 'adidas 2' not found but similar filename 'adidas 2.jpg' exists. This will be used instead but changing the filename is advised.
93.7067 	WARNING 	Requested image 'CN 2' not found but similar filename 'CN 2.jpg' exists. This will be used instead but changing the filename is advised.
95.3545 	WARNING 	Requested image 'adidas 1' not found but similar filename 'adidas 1.jpg' exists. This will be used instead but changing the filename is advised.
97.1036 	WARNING 	Requested image 'UF 3' not found but similar filename 'UF 3.jpg' exists. This will be used instead but changing the filename is advised.
99.5178 	WARNING 	Requested image 'adidas 1' not found but similar filename 'adidas 1.jpg' exists. This will be used instead but changing the filename is advised.
101.1494 	WARNING 	Requested image 'UF 1' not found but similar filename 'UF 1.jpg' exists. This will be used instead but changing the filename is advised.
102.4332 	WARNING 	Requested image 'ig 1' not found but similar filename 'ig 1.jpg' exists. This will be used instead but changing the filename is advised.
104.2800 	WARNING 	Requested image 'UF 2' not found but similar filename 'UF 2.jpg' exists. This will be used instead but changing the filename is advised.
105.7130 	WARNING 	Requested image 'twitch 1' not found but similar filename 'twitch 1.jpg' exists. This will be used instead but changing the filename is advised.
107.0945 	WARNING 	Requested image 'fb 1' not found but similar filename 'fb 1.jpg' exists. This will be used instead but changing the filename is advised.
108.9264 	WARNING 	Requested image 'twitch 2' not found but similar filename 'twitch 2.jpg' exists. This will be used instead but changing the filename is advised.
110.7262 	WARNING 	Requested image 'google 1' not found but similar filename 'google 1.jpg' exists. This will be used instead but changing the filename is advised.
112.0406 	WARNING 	Requested image 'CN 2' not found but similar filename 'CN 2.jpg' exists. This will be used instead but changing the filename is advised.
113.3901 	WARNING 	Requested image 'UF 4' not found but similar filename 'UF 4.jpg' exists. This will be used instead but changing the filename is advised.
114.7216 	WARNING 	Requested image 'CN 1' not found but similar filename 'CN 1.jpg' exists. This will be used instead but changing the filename is advised.
116.0544 	WARNING 	Requested image 'ig 2' not found but similar filename 'ig 2.jpg' exists. This will be used instead but changing the filename is advised.
117.3531 	WARNING 	Requested image 'twitter 2' not found but similar filename 'twitter 2.jpg' exists. This will be used instead but changing the filename is advised.
119.3851 	WARNING 	Requested image 'UF 3' not found but similar filename 'UF 3.jpg' exists. This will be used instead but changing the filename is advised.
121.1164 	WARNING 	Requested image 'adidas 2' not found but similar filename 'adidas 2.jpg' exists. This will be used instead but changing the filename is advised.
122.5817 	WARNING 	Requested image 'fb 2' not found but similar filename 'fb 2.jpg' exists. This will be used instead but changing the filename is advised.
124.8462 	WARNING 	Requested image 'twitter 1' not found but similar filename 'twitter 1.jpg' exists. This will be used instead but changing the filename is advised.
126.8785 	WARNING 	Requested image 'google 2' not found but similar filename 'google 2.jpg' exists. This will be used instead but changing the filename is advised.
128.8273 	WARNING 	Requested image 'CN 1' not found but similar filename 'CN 1.jpg' exists. This will be used instead but changing the filename is advised.
130.8755 	WARNING 	Requested image 'UF 2' not found but similar filename 'UF 2.jpg' exists. This will be used instead but changing the filename is advised.
133.7561 	WARNING 	Requested image 'twitter 2' not found but similar filename 'twitter 2.jpg' exists. This will be used instead but changing the filename is advised.
135.9539 	WARNING 	Requested image 'fb 2' not found but similar filename 'fb 2.jpg' exists. This will be used instead but changing the filename is advised.
137.6359 	WARNING 	Requested image 'ig 2' not found but similar filename 'ig 2.jpg' exists. This will be used instead but changing the filename is advised.
139.4184 	WARNING 	Requested image 'adidas 1' not found but similar filename 'adidas 1.jpg' exists. This will be used instead but changing the filename is advised.
140.9998 	WARNING 	Requested image 'UF 4' not found but similar filename 'UF 4.jpg' exists. This will be used instead but changing the filename is advised.
142.5490 	WARNING 	Requested image 'twitter 1' not found but similar filename 'twitter 1.jpg' exists. This will be used instead but changing the filename is advised.
143.8308 	WARNING 	Requested image 'google 2' not found but similar filename 'google 2.jpg' exists. This will be used instead but changing the filename is advised.
145.1128 	WARNING 	Requested image 'ig 1' not found but similar filename 'ig 1.jpg' exists. This will be used instead but changing the filename is advised.
146.3619 	WARNING 	Requested image 'CN 2' not found but similar filename 'CN 2.jpg' exists. This will be used instead but changing the filename is advised.
147.9616 	WARNING 	Requested image 'UF 1' not found but similar filename 'UF 1.jpg' exists. This will be used instead but changing the filename is advised.
149.2436 	WARNING 	Requested image 'UF 3' not found but similar filename 'UF 3.jpg' exists. This will be used instead but changing the filename is advised.
151.9573 	WARNING 	Requested image 'fb 1' not found but similar filename 'fb 1.jpg' exists. This will be used instead but changing the filename is advised.
152.8404 	WARNING 	Requested image 'twitch 2' not found but similar filename 'twitch 2.jpg' exists. This will be used instead but changing the filename is advised.
153.3894 	WARNING 	Requested image 'google 1' not found but similar filename 'google 1.jpg' exists. This will be used instead but changing the filename is advised.
155.2557 	WARNING 	Requested image 'twitch 1' not found but similar filename 'twitch 1.jpg' exists. This will be used instead but changing the filename is advised.
156.9533 	WARNING 	Requested image 'adidas 2' not found but similar filename 'adidas 2.jpg' exists. This will be used instead but changing the filename is advised.
